<?xml version="1.0" encoding="UTF-8"?>
<!-- Generated by org.testng.reporters.JUnitXMLReporter -->
<testsuite hostname="vova-pc" ignored="1" name="All_tests" tests="34" failures="1" timestamp="05 квіт. 2017 12:47:25 GMT" time="245.15" errors="0">
  <testcase name="testCreateNewRepository" time="7.756" classname="com.lohika.gap.tests.ManageRepositoriesTest"/>
  <testcase name="testCreateNewRepository_Failed" time="8.619" classname="com.lohika.gap.tests.ManageRepositoriesTest"/>
  <testcase name="testCreateNewRepository_Failed" time="6.457" classname="com.lohika.gap.tests.ManageRepositoriesTest"/>
  <testcase name="testRenameRepository" time="8.302" classname="com.lohika.gap.tests.ManageRepositoriesTest"/>
  <testcase name="testRenameRepository_NameAlreadyExist" time="3.981" classname="com.lohika.gap.tests.ManageRepositoriesTest"/>
  <testcase name="testRemoveRepository" time="6.378" classname="com.lohika.gap.tests.ManageRepositoriesTest"/>
  <testcase name="testSetNewDescription" time="5.636" classname="com.lohika.gap.tests.RepositoryDescriptionTest"/>
  <testcase name="testSetNewDescription" time="3.189" classname="com.lohika.gap.tests.RepositoryDescriptionTest"/>
  <testcase name="testSetNewDescription" time="3.139" classname="com.lohika.gap.tests.RepositoryDescriptionTest"/>
  <testcase name="testSetNewDescription_Canceled" time="2.149" classname="com.lohika.gap.tests.RepositoryDescriptionTest"/>
  <testcase name="testSetNewDescription_IncorectWebpage" time="2.082" classname="com.lohika.gap.tests.RepositoryDescriptionTest"/>
  <testcase name="testAddNewFile" time="9.574" classname="com.lohika.gap.tests.RepositoryFilesTest"/>
  <testcase name="testAddNewFile_AlreadyExists" time="6.123" classname="com.lohika.gap.tests.RepositoryFilesTest"/>
  <testcase name="testAddNewFile_Canceled" time="11.945" classname="com.lohika.gap.tests.RepositoryFilesTest"/>
  <testcase name="testEditFile" time="11.281" classname="com.lohika.gap.tests.RepositoryFilesTest"/>
  <testcase name="testUploadFile" time="11.827" classname="com.lohika.gap.tests.RepositoryFilesTest"/>
  <testcase name="testUploadFileViaAUTOIT" time="11.266" classname="com.lohika.gap.tests.RepositoryFilesTest"/>
  <testcase name="testUploadFile_Failed" time="3.388" classname="com.lohika.gap.tests.RepositoryFilesTest"/>
  <testcase name="testRemoveFile" time="7.548" classname="com.lohika.gap.tests.RepositoryFilesTest"/>
  <testcase name="testAddNewEmail" time="4.347" classname="com.lohika.gap.tests.ChangeSettingsTest"/>
  <testcase name="testAddNewEmail_AlreadyExist" time="4.572" classname="com.lohika.gap.tests.ChangeSettingsTest"/>
  <testcase name="testChangeEmailPreferences" time="7.541" classname="com.lohika.gap.tests.ChangeSettingsTest"/>
  <testcase name="testChangePassword_failed" time="4.346" classname="com.lohika.gap.tests.ChangeSettingsTest"/>
  <testcase name="testChangePassword_failed" time="4.554" classname="com.lohika.gap.tests.ChangeSettingsTest"/>
  <testcase name="testChangePassword_failed" time="0.384" classname="com.lohika.gap.tests.ChangeSettingsTest">
    <failure type="org.openqa.selenium.ElementNotVisibleException" message="element not visible
  (Session info: chrome=57.0.2987.133)
  (Driver info: chromedriver=2.29.461591 (62ebf098771772160f391d75e589dc567915b233),platform=Windows NT 6.1.7601 SP1 x86_64) (WARNING: The server did not provide any stacktrace information)
Command duration or timeout: 77 milliseconds
Build info: version: &amp;apos;3.0.1&amp;apos;, revision: &amp;apos;1969d75&amp;apos;, time: &amp;apos;2016-10-18 09:49:13 -0700&amp;apos;
System info: host: &amp;apos;vova-pc&amp;apos;, ip: &amp;apos;172.22.160.112&amp;apos;, os.name: &amp;apos;Windows 7&amp;apos;, os.arch: &amp;apos;amd64&amp;apos;, os.version: &amp;apos;6.1&amp;apos;, java.version: &amp;apos;1.8.0_73&amp;apos;
Driver info: org.openqa.selenium.chrome.ChromeDriver
Capabilities [{applicationCacheEnabled=false, rotatable=false, mobileEmulationEnabled=false, networkConnectionEnabled=false, chrome={chromedriverVersion=2.29.461591 (62ebf098771772160f391d75e589dc567915b233), userDataDir=C:\Users\vova\AppData\Local\Temp\scoped_dir6896_7591}, takesHeapSnapshot=true, pageLoadStrategy=normal, databaseEnabled=false, handlesAlerts=true, hasTouchScreen=false, version=57.0.2987.133, platform=XP, browserConnectionEnabled=false, nativeEvents=true, acceptSslCerts=true, locationContextEnabled=true, webStorageEnabled=true, browserName=chrome, takesScreenshot=true, javascriptEnabled=true, cssSelectorsEnabled=true, unexpectedAlertBehaviour=}]
Session ID: 8d8f5021507dd16dfe879a48b9d36450">
      <![CDATA[org.openqa.selenium.ElementNotVisibleException: element not visible
  (Session info: chrome=57.0.2987.133)
  (Driver info: chromedriver=2.29.461591 (62ebf098771772160f391d75e589dc567915b233),platform=Windows NT 6.1.7601 SP1 x86_64) (WARNING: The server did not provide any stacktrace information)
Command duration or timeout: 77 milliseconds
Build info: version: '3.0.1', revision: '1969d75', time: '2016-10-18 09:49:13 -0700'
System info: host: 'vova-pc', ip: '172.22.160.112', os.name: 'Windows 7', os.arch: 'amd64', os.version: '6.1', java.version: '1.8.0_73'
Driver info: org.openqa.selenium.chrome.ChromeDriver
Capabilities [{applicationCacheEnabled=false, rotatable=false, mobileEmulationEnabled=false, networkConnectionEnabled=false, chrome={chromedriverVersion=2.29.461591 (62ebf098771772160f391d75e589dc567915b233), userDataDir=C:\Users\vova\AppData\Local\Temp\scoped_dir6896_7591}, takesHeapSnapshot=true, pageLoadStrategy=normal, databaseEnabled=false, handlesAlerts=true, hasTouchScreen=false, version=57.0.2987.133, platform=XP, browserConnectionEnabled=false, nativeEvents=true, acceptSslCerts=true, locationContextEnabled=true, webStorageEnabled=true, browserName=chrome, takesScreenshot=true, javascriptEnabled=true, cssSelectorsEnabled=true, unexpectedAlertBehaviour=}]
Session ID: 8d8f5021507dd16dfe879a48b9d36450
	at org.openqa.selenium.remote.ErrorHandler.createThrowable(ErrorHandler.java:216)
	at org.openqa.selenium.remote.ErrorHandler.throwIfResponseFailed(ErrorHandler.java:168)
	at org.openqa.selenium.remote.RemoteWebDriver.execute(RemoteWebDriver.java:635)
	at org.openqa.selenium.remote.RemoteWebElement.execute(RemoteWebElement.java:274)
	at org.openqa.selenium.remote.RemoteWebElement.click(RemoteWebElement.java:84)
	at org.openqa.selenium.support.pagefactory.internal.LocatingElementHandler.invoke(LocatingElementHandler.java:51)
	at com.sun.proxy.$Proxy7.click(Unknown Source)
	at com.lohika.gap.core.BasePage.clickOnElement(BasePage.java:28)
	at com.lohika.gap.pages.HomePage.openAccountPage(HomePage.java:68)
	at com.lohika.gap.tests.ChangeSettingsTest.testChangePassword_failed(ChangeSettingsTest.java:20)
... Removed 35 stack frames]]>
    </failure>
  </testcase> <!-- testChangePassword_failed -->
  <testcase name="testChangeUserProfile" time="6.604" classname="com.lohika.gap.tests.ChangeSettingsTest"/>
  <testcase name="testRemoveEmail" time="5.237" classname="com.lohika.gap.tests.ChangeSettingsTest"/>
  <testcase name="testSignout" time="2.796" classname="com.lohika.gap.tests.LoginTest"/>
  <testcase name="testSignin_IncorrectCredentials" time="1.393" classname="com.lohika.gap.tests.LoginTest"/>
  <testcase name="testSignin_IncorrectCredentials" time="1.624" classname="com.lohika.gap.tests.LoginTest"/>
  <testcase name="testSignin_IncorrectCredentials" time="1.215" classname="com.lohika.gap.tests.LoginTest"/>
  <testcase name="testSignin_IncorrectCredentials" time="1.23" classname="com.lohika.gap.tests.LoginTest"/>
  <testcase name="testSignin_IncorrectCredentials" time="1.228" classname="com.lohika.gap.tests.LoginTest"/>
  <testcase name="testSignin" time="3.96" classname="com.lohika.gap.tests.LoginTest"/>
  <testcase name="testOpenGooglePage" time="0.0" classname="com.lohika.gap.tests.ChangeSettingsTest">
    <ignored/>
  </testcase> <!-- testOpenGooglePage -->
</testsuite> <!-- All_tests -->
