<?xml version="1.0" encoding="UTF-8"?>
<!-- Generated by org.testng.reporters.JUnitXMLReporter -->
<testsuite hostname="vova-pc" ignored="11" name="All_positive" tests="18" failures="4" timestamp="28 бер. 2017 15:03:55 GMT" time="202.244" errors="0">
  <testcase name="testCreateNewRepository" time="63.117" classname="com.lohika.gap.tests.ManageRepositoriesTest">
    <failure type="org.openqa.selenium.WebDriverException" message="chrome not reachable
  (Session info: chrome=56.0.2924.87)
  (Driver info: chromedriver=2.27.440174 (e97a722caafc2d3a8b807ee115bfb307f7d2cfd9),platform=Windows NT 6.1.7601 SP1 x86_64) (WARNING: The server did not provide any stacktrace information)
Command duration or timeout: 4.02 seconds
Build info: version: &amp;apos;3.0.1&amp;apos;, revision: &amp;apos;1969d75&amp;apos;, time: &amp;apos;2016-10-18 09:49:13 -0700&amp;apos;
System info: host: &amp;apos;vova-pc&amp;apos;, ip: &amp;apos;172.22.90.81&amp;apos;, os.name: &amp;apos;Windows 7&amp;apos;, os.arch: &amp;apos;amd64&amp;apos;, os.version: &amp;apos;6.1&amp;apos;, java.version: &amp;apos;1.8.0_73&amp;apos;
Driver info: org.openqa.selenium.chrome.ChromeDriver
Capabilities [{applicationCacheEnabled=false, rotatable=false, mobileEmulationEnabled=false, networkConnectionEnabled=false, chrome={chromedriverVersion=2.27.440174 (e97a722caafc2d3a8b807ee115bfb307f7d2cfd9), userDataDir=C:\Users\vova\AppData\Local\Temp\scoped_dir5836_1275}, takesHeapSnapshot=true, pageLoadStrategy=normal, databaseEnabled=false, handlesAlerts=true, hasTouchScreen=false, version=56.0.2924.87, platform=XP, browserConnectionEnabled=false, nativeEvents=true, acceptSslCerts=true, locationContextEnabled=true, webStorageEnabled=true, browserName=chrome, takesScreenshot=true, javascriptEnabled=true, cssSelectorsEnabled=true, unexpectedAlertBehaviour=}]
Session ID: 67a7615041e6dc6bb277cb4e66c3b8fd
*** Element info: {Using=xpath, value=//button[@data-disable-with=&amp;apos;Creating repositoryвЂ¦&amp;apos;]}">
      <![CDATA[org.openqa.selenium.WebDriverException: chrome not reachable
  (Session info: chrome=56.0.2924.87)
  (Driver info: chromedriver=2.27.440174 (e97a722caafc2d3a8b807ee115bfb307f7d2cfd9),platform=Windows NT 6.1.7601 SP1 x86_64) (WARNING: The server did not provide any stacktrace information)
Command duration or timeout: 4.02 seconds
Build info: version: '3.0.1', revision: '1969d75', time: '2016-10-18 09:49:13 -0700'
System info: host: 'vova-pc', ip: '172.22.90.81', os.name: 'Windows 7', os.arch: 'amd64', os.version: '6.1', java.version: '1.8.0_73'
Driver info: org.openqa.selenium.chrome.ChromeDriver
Capabilities [{applicationCacheEnabled=false, rotatable=false, mobileEmulationEnabled=false, networkConnectionEnabled=false, chrome={chromedriverVersion=2.27.440174 (e97a722caafc2d3a8b807ee115bfb307f7d2cfd9), userDataDir=C:\Users\vova\AppData\Local\Temp\scoped_dir5836_1275}, takesHeapSnapshot=true, pageLoadStrategy=normal, databaseEnabled=false, handlesAlerts=true, hasTouchScreen=false, version=56.0.2924.87, platform=XP, browserConnectionEnabled=false, nativeEvents=true, acceptSslCerts=true, locationContextEnabled=true, webStorageEnabled=true, browserName=chrome, takesScreenshot=true, javascriptEnabled=true, cssSelectorsEnabled=true, unexpectedAlertBehaviour=}]
Session ID: 67a7615041e6dc6bb277cb4e66c3b8fd
*** Element info: {Using=xpath, value=//button[@data-disable-with='Creating repositoryвЂ¦']}
	at org.openqa.selenium.remote.ErrorHandler.createThrowable(ErrorHandler.java:216)
	at org.openqa.selenium.remote.ErrorHandler.throwIfResponseFailed(ErrorHandler.java:168)
	at org.openqa.selenium.remote.RemoteWebDriver.execute(RemoteWebDriver.java:635)
	at org.openqa.selenium.remote.RemoteWebDriver.findElement(RemoteWebDriver.java:368)
	at org.openqa.selenium.remote.RemoteWebDriver.findElementByXPath(RemoteWebDriver.java:473)
	at org.openqa.selenium.By$ByXPath.findElement(By.java:361)
	at org.openqa.selenium.remote.RemoteWebDriver.findElement(RemoteWebDriver.java:360)
	at org.openqa.selenium.support.pagefactory.DefaultElementLocator.findElement(DefaultElementLocator.java:69)
	at org.openqa.selenium.support.pagefactory.internal.LocatingElementHandler.invoke(LocatingElementHandler.java:38)
	at com.sun.proxy.$Proxy5.toString(Unknown Source)
	at java.lang.String.valueOf(String.java:2994)
	at java.lang.StringBuilder.append(StringBuilder.java:131)
	at com.lohika.gap.core.Wait.forElement(Wait.java:40)
	at com.lohika.gap.core.BasePage.clickOnElement(BasePage.java:27)
	at com.lohika.gap.pages.NewRepositoryPage.createNewRepository(NewRepositoryPage.java:23)
	at com.lohika.gap.tests.ManageRepositoriesTest.testCreateNewRepository(ManageRepositoriesTest.java:11)
... Removed 32 stack frames]]>
    </failure>
  </testcase> <!-- testCreateNewRepository -->
  <testcase name="testRenameRepository" time="4.037" classname="com.lohika.gap.tests.ManageRepositoriesTest">
    <failure type="org.openqa.selenium.WebDriverException" message="chrome not reachable
  (Session info: chrome=56.0.2924.87)
  (Driver info: chromedriver=2.27.440174 (e97a722caafc2d3a8b807ee115bfb307f7d2cfd9),platform=Windows NT 6.1.7601 SP1 x86_64) (WARNING: The server did not provide any stacktrace information)
Command duration or timeout: 4.04 seconds
Build info: version: &amp;apos;3.0.1&amp;apos;, revision: &amp;apos;1969d75&amp;apos;, time: &amp;apos;2016-10-18 09:49:13 -0700&amp;apos;
System info: host: &amp;apos;vova-pc&amp;apos;, ip: &amp;apos;172.22.90.81&amp;apos;, os.name: &amp;apos;Windows 7&amp;apos;, os.arch: &amp;apos;amd64&amp;apos;, os.version: &amp;apos;6.1&amp;apos;, java.version: &amp;apos;1.8.0_73&amp;apos;
Driver info: org.openqa.selenium.chrome.ChromeDriver
Capabilities [{applicationCacheEnabled=false, rotatable=false, mobileEmulationEnabled=false, networkConnectionEnabled=false, chrome={chromedriverVersion=2.27.440174 (e97a722caafc2d3a8b807ee115bfb307f7d2cfd9), userDataDir=C:\Users\vova\AppData\Local\Temp\scoped_dir5836_1275}, takesHeapSnapshot=true, pageLoadStrategy=normal, databaseEnabled=false, handlesAlerts=true, hasTouchScreen=false, version=56.0.2924.87, platform=XP, browserConnectionEnabled=false, nativeEvents=true, acceptSslCerts=true, locationContextEnabled=true, webStorageEnabled=true, browserName=chrome, takesScreenshot=true, javascriptEnabled=true, cssSelectorsEnabled=true, unexpectedAlertBehaviour=}]
Session ID: 67a7615041e6dc6bb277cb4e66c3b8fd">
      <![CDATA[org.openqa.selenium.WebDriverException: chrome not reachable
  (Session info: chrome=56.0.2924.87)
  (Driver info: chromedriver=2.27.440174 (e97a722caafc2d3a8b807ee115bfb307f7d2cfd9),platform=Windows NT 6.1.7601 SP1 x86_64) (WARNING: The server did not provide any stacktrace information)
Command duration or timeout: 4.04 seconds
Build info: version: '3.0.1', revision: '1969d75', time: '2016-10-18 09:49:13 -0700'
System info: host: 'vova-pc', ip: '172.22.90.81', os.name: 'Windows 7', os.arch: 'amd64', os.version: '6.1', java.version: '1.8.0_73'
Driver info: org.openqa.selenium.chrome.ChromeDriver
Capabilities [{applicationCacheEnabled=false, rotatable=false, mobileEmulationEnabled=false, networkConnectionEnabled=false, chrome={chromedriverVersion=2.27.440174 (e97a722caafc2d3a8b807ee115bfb307f7d2cfd9), userDataDir=C:\Users\vova\AppData\Local\Temp\scoped_dir5836_1275}, takesHeapSnapshot=true, pageLoadStrategy=normal, databaseEnabled=false, handlesAlerts=true, hasTouchScreen=false, version=56.0.2924.87, platform=XP, browserConnectionEnabled=false, nativeEvents=true, acceptSslCerts=true, locationContextEnabled=true, webStorageEnabled=true, browserName=chrome, takesScreenshot=true, javascriptEnabled=true, cssSelectorsEnabled=true, unexpectedAlertBehaviour=}]
Session ID: 67a7615041e6dc6bb277cb4e66c3b8fd
	at org.openqa.selenium.remote.ErrorHandler.createThrowable(ErrorHandler.java:216)
	at org.openqa.selenium.remote.ErrorHandler.throwIfResponseFailed(ErrorHandler.java:168)
	at org.openqa.selenium.remote.RemoteWebDriver.execute(RemoteWebDriver.java:635)
	at org.openqa.selenium.remote.RemoteWebDriver.execute(RemoteWebDriver.java:658)
	at org.openqa.selenium.remote.RemoteWebDriver.getCurrentUrl(RemoteWebDriver.java:332)
	at com.lohika.gap.pages.HomePage.selectRepository(HomePage.java:41)
	at com.lohika.gap.tests.ManageRepositoriesTest.testRenameRepository(ManageRepositoriesTest.java:39)
... Removed 32 stack frames]]>
    </failure>
  </testcase> <!-- testRenameRepository -->
  <testcase name="testRemoveRepository" time="0.0" classname="com.lohika.gap.tests.ManageRepositoriesTest">
    <skipped/>
  </testcase> <!-- testRemoveRepository -->
  <testcase name="testRemoveCurrentDescription" time="5.182" classname="com.lohika.gap.tests.RepositoryDescriptionTest"/>
  <testcase name="testSetNewDescription" time="3.895" classname="com.lohika.gap.tests.RepositoryDescriptionTest"/>
  <testcase name="testSetNewDescription_Canceled" time="2.275" classname="com.lohika.gap.tests.RepositoryDescriptionTest"/>
  <testcase name="testAddNewFile" time="8.694" classname="com.lohika.gap.tests.RepositoryFilesTest"/>
  <testcase name="testEditFile" time="9.455" classname="com.lohika.gap.tests.RepositoryFilesTest"/>
  <testcase name="testUploadFile" time="13.431" classname="com.lohika.gap.tests.RepositoryFilesTest"/>
  <testcase name="testUploadFileViaAUTOIT" time="13.932" classname="com.lohika.gap.tests.RepositoryFilesTest"/>
  <testcase name="testRemoveFile" time="6.324" classname="com.lohika.gap.tests.RepositoryFilesTest"/>
  <testcase name="testAddNewEmail" time="4.334" classname="com.lohika.gap.tests.ChangeSettingsTest"/>
  <testcase name="testChangeEmailPreferences" time="6.556" classname="com.lohika.gap.tests.ChangeSettingsTest"/>
  <testcase name="testChangeUserProfile" time="5.996" classname="com.lohika.gap.tests.ChangeSettingsTest">
    <failure type="java.lang.AssertionError" message="Profile wasn&amp;apos;t updated expected [Profile updated successfully вЂ” view your profile.] but found [Profile updated successfully — view your profile.]">
      <![CDATA[java.lang.AssertionError: Profile wasn't updated expected [Profile updated successfully вЂ” view your profile.] but found [Profile updated successfully — view your profile.]
	at com.lohika.gap.tests.ChangeSettingsTest.testChangeUserProfile(ChangeSettingsTest.java:12)
... Removed 33 stack frames]]>
    </failure>
  </testcase> <!-- testChangeUserProfile -->
  <testcase name="testRemoveEmail" time="5.082" classname="com.lohika.gap.tests.ChangeSettingsTest"/>
  <testcase name="testSignout" time="3.034" classname="com.lohika.gap.tests.LoginTest">
    <failure type="java.lang.AssertionError" message="User is not signed out expected [The world&amp;apos;s leading software development platform В· GitHub] but found [The world&amp;apos;s leading software development platform · GitHub]">
      <![CDATA[java.lang.AssertionError: User is not signed out expected [The world's leading software development platform В· GitHub] but found [The world's leading software development platform · GitHub]
	at com.lohika.gap.tests.LoginTest.testSignout(LoginTest.java:13)
... Removed 33 stack frames]]>
    </failure>
  </testcase> <!-- testSignout -->
  <testcase name="testSignin_IncorrectCredentials" time="0.0" classname="com.lohika.gap.tests.LoginTest">
    <skipped/>
  </testcase> <!-- testSignin_IncorrectCredentials -->
  <testcase name="testSignin" time="0.0" classname="com.lohika.gap.tests.LoginTest">
    <skipped/>
  </testcase> <!-- testSignin -->
  <testcase name="testAddNewFile_Canceled" time="0.0" classname="com.lohika.gap.tests.RepositoryFilesTest">
    <ignored/>
  </testcase> <!-- testAddNewFile_Canceled -->
  <testcase name="testAddNewFile_AlreadyExists" time="0.0" classname="com.lohika.gap.tests.RepositoryFilesTest">
    <ignored/>
  </testcase> <!-- testAddNewFile_AlreadyExists -->
  <testcase name="testCreateNewRepository_NoName" time="0.0" classname="com.lohika.gap.tests.ManageRepositoriesTest">
    <ignored/>
  </testcase> <!-- testCreateNewRepository_NoName -->
  <testcase name="testRenameRepository_NameAlreadyExist" time="0.0" classname="com.lohika.gap.tests.ManageRepositoriesTest">
    <ignored/>
  </testcase> <!-- testRenameRepository_NameAlreadyExist -->
  <testcase name="testChangePassword_WrongOldPassword" time="0.0" classname="com.lohika.gap.tests.ChangeSettingsTest">
    <ignored/>
  </testcase> <!-- testChangePassword_WrongOldPassword -->
  <testcase name="testSetNewDescription_IncorectWebpage" time="0.0" classname="com.lohika.gap.tests.RepositoryDescriptionTest">
    <ignored/>
  </testcase> <!-- testSetNewDescription_IncorectWebpage -->
  <testcase name="testChangePassword_WrongNewPassword" time="0.0" classname="com.lohika.gap.tests.ChangeSettingsTest">
    <ignored/>
  </testcase> <!-- testChangePassword_WrongNewPassword -->
  <testcase name="testOpenGooglePage" time="0.0" classname="com.lohika.gap.tests.ChangeSettingsTest">
    <ignored/>
  </testcase> <!-- testOpenGooglePage -->
  <testcase name="testCreateNewRepository_AlreadyExist" time="0.0" classname="com.lohika.gap.tests.ManageRepositoriesTest">
    <ignored/>
  </testcase> <!-- testCreateNewRepository_AlreadyExist -->
  <testcase name="testUploadFile_Failed" time="0.0" classname="com.lohika.gap.tests.RepositoryFilesTest">
    <ignored/>
  </testcase> <!-- testUploadFile_Failed -->
  <testcase name="testAddNewEmail_AlreadyExist" time="0.0" classname="com.lohika.gap.tests.ChangeSettingsTest">
    <ignored/>
  </testcase> <!-- testAddNewEmail_AlreadyExist -->
</testsuite> <!-- All_positive -->
