<html>
<head>
<title>TestNG:  All_tests</title>
<link href="../testng.css" rel="stylesheet" type="text/css" />
<link href="../my-testng.css" rel="stylesheet" type="text/css" />

<style type="text/css">
.log { display: none;} 
.stack-trace { display: none;} 
</style>
<script type="text/javascript">
<!--
function flip(e) {
  current = e.style.display;
  if (current == 'block') {
    e.style.display = 'none';
    return 0;
  }
  else {
    e.style.display = 'block';
    return 1;
  }
}

function toggleBox(szDivId, elem, msg1, msg2)
{
  var res = -1;  if (document.getElementById) {
    res = flip(document.getElementById(szDivId));
  }
  else if (document.all) {
    // this is the way old msie versions work
    res = flip(document.all[szDivId]);
  }
  if(elem) {
    if(res == 0) elem.innerHTML = msg1; else elem.innerHTML = msg2;
  }

}

function toggleAllBoxes() {
  if (document.getElementsByTagName) {
    d = document.getElementsByTagName('div');
    for (i = 0; i < d.length; i++) {
      if (d[i].className == 'log') {
        flip(d[i]);
      }
    }
  }
}

// -->
</script>

</head>
<body>
<h2 align='center'>All_tests</h2><table border='1' align="center">
<tr>
<td>Tests passed/Failed/Skipped:</td><td>33/1/0</td>
</tr><tr>
<td>Started on:</td><td>Wed Apr 05 15:43:20 EEST 2017</td>
</tr>
<tr><td>Total time:</td><td>245 seconds (245150 ms)</td>
</tr><tr>
<td>Included groups:</td><td>negative positive </td>
</tr><tr>
<td>Excluded groups:</td><td></td>
</tr>
</table><p/>
<small><i>(Hover the method name to see the test class name)</i></small><p/>
<table width='100%' border='1' class='invocation-failed'>
<tr><td colspan='4' align='center'><b>FAILED TESTS</b></td></tr>
<tr><td><b>Test method</b></td>
<td width="30%"><b>Exception</b></td>
<td width="10%"><b>Time (seconds)</b></td>
<td><b>Instance</b></td>
</tr>
<tr>
<td title='com.lohika.gap.tests.ChangeSettingsTest.testChangePassword_failed()'><b>testChangePassword_failed</b><br>Test class: com.lohika.gap.tests.ChangeSettingsTest<br>Parameters: 1q, 1q, Password is too short (minimum is 7 characters) and Old password isn't valid</td>
<td><div><pre>org.openqa.selenium.ElementNotVisibleException: element not visible
  (Session info: chrome=57.0.2987.133)
  (Driver info: chromedriver=2.29.461591 (62ebf098771772160f391d75e589dc567915b233),platform=Windows NT 6.1.7601 SP1 x86_64) (WARNING: The server did not provide any stacktrace information)
Command duration or timeout: 77 milliseconds
Build info: version: &apos;3.0.1&apos;, revision: &apos;1969d75&apos;, time: &apos;2016-10-18 09:49:13 -0700&apos;
System info: host: &apos;vova-pc&apos;, ip: &apos;172.22.160.112&apos;, os.name: &apos;Windows 7&apos;, os.arch: &apos;amd64&apos;, os.version: &apos;6.1&apos;, java.version: &apos;1.8.0_73&apos;
Driver info: org.openqa.selenium.chrome.ChromeDriver
Capabilities [{applicationCacheEnabled=false, rotatable=false, mobileEmulationEnabled=false, networkConnectionEnabled=false, chrome={chromedriverVersion=2.29.461591 (62ebf098771772160f391d75e589dc567915b233), userDataDir=C:\Users\vova\AppData\Local\Temp\scoped_dir6896_7591}, takesHeapSnapshot=true, pageLoadStrategy=normal, databaseEnabled=false, handlesAlerts=true, hasTouchScreen=false, version=57.0.2987.133, platform=XP, browserConnectionEnabled=false, nativeEvents=true, acceptSslCerts=true, locationContextEnabled=true, webStorageEnabled=true, browserName=chrome, takesScreenshot=true, javascriptEnabled=true, cssSelectorsEnabled=true, unexpectedAlertBehaviour=}]
Session ID: 8d8f5021507dd16dfe879a48b9d36450
	at org.openqa.selenium.remote.ErrorHandler.createThrowable(ErrorHandler.java:216)
	at org.openqa.selenium.remote.ErrorHandler.throwIfResponseFailed(ErrorHandler.java:168)
	at org.openqa.selenium.remote.RemoteWebDriver.execute(RemoteWebDriver.java:635)
	at org.openqa.selenium.remote.RemoteWebElement.execute(RemoteWebElement.java:274)
	at org.openqa.selenium.remote.RemoteWebElement.click(RemoteWebElement.java:84)
	at org.openqa.selenium.support.pagefactory.internal.LocatingElementHandler.invoke(LocatingElementHandler.java:51)
	at com.sun.proxy.$Proxy7.click(Unknown Source)
	at com.lohika.gap.core.BasePage.clickOnElement(BasePage.java:28)
	at com.lohika.gap.pages.HomePage.openAccountPage(HomePage.java:68)
	at com.lohika.gap.tests.ChangeSettingsTest.testChangePassword_failed(ChangeSettingsTest.java:20)
... Removed 35 stack frames</pre></div><a href='#' onClick='toggleBox("stack-trace851765426", this, "Click to show all stack frames", "Click to hide stack frames")'>Click to show all stack frames</a>
<div class='stack-trace' id='stack-trace851765426'><pre>org.openqa.selenium.ElementNotVisibleException: element not visible
  (Session info: chrome=57.0.2987.133)
  (Driver info: chromedriver=2.29.461591 (62ebf098771772160f391d75e589dc567915b233),platform=Windows NT 6.1.7601 SP1 x86_64) (WARNING: The server did not provide any stacktrace information)
Command duration or timeout: 77 milliseconds
Build info: version: &apos;3.0.1&apos;, revision: &apos;1969d75&apos;, time: &apos;2016-10-18 09:49:13 -0700&apos;
System info: host: &apos;vova-pc&apos;, ip: &apos;172.22.160.112&apos;, os.name: &apos;Windows 7&apos;, os.arch: &apos;amd64&apos;, os.version: &apos;6.1&apos;, java.version: &apos;1.8.0_73&apos;
Driver info: org.openqa.selenium.chrome.ChromeDriver
Capabilities [{applicationCacheEnabled=false, rotatable=false, mobileEmulationEnabled=false, networkConnectionEnabled=false, chrome={chromedriverVersion=2.29.461591 (62ebf098771772160f391d75e589dc567915b233), userDataDir=C:\Users\vova\AppData\Local\Temp\scoped_dir6896_7591}, takesHeapSnapshot=true, pageLoadStrategy=normal, databaseEnabled=false, handlesAlerts=true, hasTouchScreen=false, version=57.0.2987.133, platform=XP, browserConnectionEnabled=false, nativeEvents=true, acceptSslCerts=true, locationContextEnabled=true, webStorageEnabled=true, browserName=chrome, takesScreenshot=true, javascriptEnabled=true, cssSelectorsEnabled=true, unexpectedAlertBehaviour=}]
Session ID: 8d8f5021507dd16dfe879a48b9d36450
	at sun.reflect.NativeConstructorAccessorImpl.newInstance0(Native Method)
	at sun.reflect.NativeConstructorAccessorImpl.newInstance(NativeConstructorAccessorImpl.java:62)
	at sun.reflect.DelegatingConstructorAccessorImpl.newInstance(DelegatingConstructorAccessorImpl.java:45)
	at java.lang.reflect.Constructor.newInstance(Constructor.java:422)
	at org.openqa.selenium.remote.ErrorHandler.createThrowable(ErrorHandler.java:216)
	at org.openqa.selenium.remote.ErrorHandler.throwIfResponseFailed(ErrorHandler.java:168)
	at org.openqa.selenium.remote.RemoteWebDriver.execute(RemoteWebDriver.java:635)
	at org.openqa.selenium.remote.RemoteWebElement.execute(RemoteWebElement.java:274)
	at org.openqa.selenium.remote.RemoteWebElement.click(RemoteWebElement.java:84)
	at sun.reflect.GeneratedMethodAccessor2.invoke(Unknown Source)
	at sun.reflect.DelegatingMethodAccessorImpl.invoke(DelegatingMethodAccessorImpl.java:43)
	at java.lang.reflect.Method.invoke(Method.java:497)
	at org.openqa.selenium.support.pagefactory.internal.LocatingElementHandler.invoke(LocatingElementHandler.java:51)
	at com.sun.proxy.$Proxy7.click(Unknown Source)
	at com.lohika.gap.core.BasePage.clickOnElement(BasePage.java:28)
	at com.lohika.gap.pages.HomePage.openAccountPage(HomePage.java:68)
	at com.lohika.gap.tests.ChangeSettingsTest.testChangePassword_failed(ChangeSettingsTest.java:20)
	at sun.reflect.NativeMethodAccessorImpl.invoke0(Native Method)
	at sun.reflect.NativeMethodAccessorImpl.invoke(NativeMethodAccessorImpl.java:62)
	at sun.reflect.DelegatingMethodAccessorImpl.invoke(DelegatingMethodAccessorImpl.java:43)
	at java.lang.reflect.Method.invoke(Method.java:497)
	at org.testng.internal.MethodInvocationHelper.invokeMethod(MethodInvocationHelper.java:104)
	at org.testng.internal.Invoker.invokeMethod(Invoker.java:645)
	at org.testng.internal.Invoker.invokeTestMethod(Invoker.java:851)
	at org.testng.internal.Invoker.invokeTestMethods(Invoker.java:1177)
	at org.testng.internal.TestMethodWorker.invokeTestMethods(TestMethodWorker.java:129)
	at org.testng.internal.TestMethodWorker.run(TestMethodWorker.java:112)
	at org.testng.TestRunner.privateRun(TestRunner.java:756)
	at org.testng.TestRunner.run(TestRunner.java:610)
	at org.testng.SuiteRunner.runTest(SuiteRunner.java:387)
	at org.testng.SuiteRunner.runSequentially(SuiteRunner.java:382)
	at org.testng.SuiteRunner.privateRun(SuiteRunner.java:340)
	at org.testng.SuiteRunner.run(SuiteRunner.java:289)
	at org.testng.SuiteRunnerWorker.runSuite(SuiteRunnerWorker.java:52)
	at org.testng.SuiteRunnerWorker.run(SuiteRunnerWorker.java:86)
	at org.testng.TestNG.runSuitesSequentially(TestNG.java:1293)
	at org.testng.TestNG.runSuitesLocally(TestNG.java:1218)
	at org.testng.TestNG.runSuites(TestNG.java:1133)
	at org.testng.TestNG.run(TestNG.java:1104)
	at org.apache.maven.surefire.testng.TestNGExecutor.run(TestNGExecutor.java:281)
	at org.apache.maven.surefire.testng.TestNGXmlTestSuite.execute(TestNGXmlTestSuite.java:75)
	at org.apache.maven.surefire.testng.TestNGProvider.invoke(TestNGProvider.java:121)
	at org.apache.maven.surefire.booter.ForkedBooter.invokeProviderInSameClassLoader(ForkedBooter.java:290)
	at org.apache.maven.surefire.booter.ForkedBooter.runSuitesInProcess(ForkedBooter.java:242)
	at org.apache.maven.surefire.booter.ForkedBooter.main(ForkedBooter.java:121)
</pre></div></td>
<td>0</td>
<td>com.lohika.gap.tests.ChangeSettingsTest@366e2eef</td></tr>
</table><p>
<table width='100%' border='1' class='invocation-passed'>
<tr><td colspan='4' align='center'><b>PASSED TESTS</b></td></tr>
<tr><td><b>Test method</b></td>
<td width="30%"><b>Exception</b></td>
<td width="10%"><b>Time (seconds)</b></td>
<td><b>Instance</b></td>
</tr>
<tr>
<td title='com.lohika.gap.tests.ChangeSettingsTest.testAddNewEmail()'><b>testAddNewEmail</b><br>Test class: com.lohika.gap.tests.ChangeSettingsTest</td>
<td></td>
<td>4</td>
<td>com.lohika.gap.tests.ChangeSettingsTest@366e2eef</td></tr>
<tr>
<td title='com.lohika.gap.tests.ChangeSettingsTest.testAddNewEmail_AlreadyExist()'><b>testAddNewEmail_AlreadyExist</b><br>Test class: com.lohika.gap.tests.ChangeSettingsTest</td>
<td></td>
<td>4</td>
<td>com.lohika.gap.tests.ChangeSettingsTest@366e2eef</td></tr>
<tr>
<td title='com.lohika.gap.tests.RepositoryFilesTest.testAddNewFile()'><b>testAddNewFile</b><br>Test class: com.lohika.gap.tests.RepositoryFilesTest</td>
<td></td>
<td>9</td>
<td>com.lohika.gap.tests.RepositoryFilesTest@34b7bfc0</td></tr>
<tr>
<td title='com.lohika.gap.tests.RepositoryFilesTest.testAddNewFile_AlreadyExists()'><b>testAddNewFile_AlreadyExists</b><br>Test class: com.lohika.gap.tests.RepositoryFilesTest</td>
<td></td>
<td>6</td>
<td>com.lohika.gap.tests.RepositoryFilesTest@34b7bfc0</td></tr>
<tr>
<td title='com.lohika.gap.tests.RepositoryFilesTest.testAddNewFile_Canceled()'><b>testAddNewFile_Canceled</b><br>Test class: com.lohika.gap.tests.RepositoryFilesTest</td>
<td></td>
<td>11</td>
<td>com.lohika.gap.tests.RepositoryFilesTest@34b7bfc0</td></tr>
<tr>
<td title='com.lohika.gap.tests.ChangeSettingsTest.testChangeEmailPreferences()'><b>testChangeEmailPreferences</b><br>Test class: com.lohika.gap.tests.ChangeSettingsTest</td>
<td></td>
<td>7</td>
<td>com.lohika.gap.tests.ChangeSettingsTest@366e2eef</td></tr>
<tr>
<td title='com.lohika.gap.tests.ChangeSettingsTest.testChangePassword_failed()'><b>testChangePassword_failed</b><br>Test class: com.lohika.gap.tests.ChangeSettingsTest<br>Parameters: qwerty, 1q2w3e4r, Old password isn't valid</td>
<td></td>
<td>4</td>
<td>com.lohika.gap.tests.ChangeSettingsTest@366e2eef</td></tr>
<tr>
<td title='com.lohika.gap.tests.ChangeSettingsTest.testChangePassword_failed()'><b>testChangePassword_failed</b><br>Test class: com.lohika.gap.tests.ChangeSettingsTest<br>Parameters: 12qwaszx, 1q, Password is too short (minimum is 7 characters)</td>
<td></td>
<td>4</td>
<td>com.lohika.gap.tests.ChangeSettingsTest@366e2eef</td></tr>
<tr>
<td title='com.lohika.gap.tests.ChangeSettingsTest.testChangeUserProfile()'><b>testChangeUserProfile</b><br>Test class: com.lohika.gap.tests.ChangeSettingsTest</td>
<td></td>
<td>6</td>
<td>com.lohika.gap.tests.ChangeSettingsTest@366e2eef</td></tr>
<tr>
<td title='com.lohika.gap.tests.ManageRepositoriesTest.testCreateNewRepository()'><b>testCreateNewRepository</b><br>Test class: com.lohika.gap.tests.ManageRepositoriesTest</td>
<td></td>
<td>7</td>
<td>com.lohika.gap.tests.ManageRepositoriesTest@617c74e5</td></tr>
<tr>
<td title='com.lohika.gap.tests.ManageRepositoriesTest.testCreateNewRepository_Failed()'><b>testCreateNewRepository_Failed</b><br>Test class: com.lohika.gap.tests.ManageRepositoriesTest<br>Parameters: ABC, Creating already existing repository, Repository creation failed.</td>
<td></td>
<td>8</td>
<td>com.lohika.gap.tests.ManageRepositoriesTest@617c74e5</td></tr>
<tr>
<td title='com.lohika.gap.tests.ManageRepositoriesTest.testCreateNewRepository_Failed()'><b>testCreateNewRepository_Failed</b><br>Test class: com.lohika.gap.tests.ManageRepositoriesTest<br>Parameters: , Repository without name, Repository creation failed.</td>
<td></td>
<td>6</td>
<td>com.lohika.gap.tests.ManageRepositoriesTest@617c74e5</td></tr>
<tr>
<td title='com.lohika.gap.tests.RepositoryFilesTest.testEditFile()'><b>testEditFile</b><br>Test class: com.lohika.gap.tests.RepositoryFilesTest</td>
<td></td>
<td>11</td>
<td>com.lohika.gap.tests.RepositoryFilesTest@34b7bfc0</td></tr>
<tr>
<td title='com.lohika.gap.tests.ChangeSettingsTest.testRemoveEmail()'><b>testRemoveEmail</b><br>Test class: com.lohika.gap.tests.ChangeSettingsTest</td>
<td></td>
<td>5</td>
<td>com.lohika.gap.tests.ChangeSettingsTest@366e2eef</td></tr>
<tr>
<td title='com.lohika.gap.tests.RepositoryFilesTest.testRemoveFile()'><b>testRemoveFile</b><br>Test class: com.lohika.gap.tests.RepositoryFilesTest</td>
<td></td>
<td>7</td>
<td>com.lohika.gap.tests.RepositoryFilesTest@34b7bfc0</td></tr>
<tr>
<td title='com.lohika.gap.tests.ManageRepositoriesTest.testRemoveRepository()'><b>testRemoveRepository</b><br>Test class: com.lohika.gap.tests.ManageRepositoriesTest</td>
<td></td>
<td>6</td>
<td>com.lohika.gap.tests.ManageRepositoriesTest@617c74e5</td></tr>
<tr>
<td title='com.lohika.gap.tests.ManageRepositoriesTest.testRenameRepository()'><b>testRenameRepository</b><br>Test class: com.lohika.gap.tests.ManageRepositoriesTest</td>
<td></td>
<td>8</td>
<td>com.lohika.gap.tests.ManageRepositoriesTest@617c74e5</td></tr>
<tr>
<td title='com.lohika.gap.tests.ManageRepositoriesTest.testRenameRepository_NameAlreadyExist()'><b>testRenameRepository_NameAlreadyExist</b><br>Test class: com.lohika.gap.tests.ManageRepositoriesTest</td>
<td></td>
<td>3</td>
<td>com.lohika.gap.tests.ManageRepositoriesTest@617c74e5</td></tr>
<tr>
<td title='com.lohika.gap.tests.RepositoryDescriptionTest.testSetNewDescription()'><b>testSetNewDescription</b><br>Test class: com.lohika.gap.tests.RepositoryDescriptionTest<br>Parameters: Test test, https://www.skype.com, Test test</td>
<td></td>
<td>5</td>
<td>com.lohika.gap.tests.RepositoryDescriptionTest@67b6d4ae</td></tr>
<tr>
<td title='com.lohika.gap.tests.RepositoryDescriptionTest.testSetNewDescription()'><b>testSetNewDescription</b><br>Test class: com.lohika.gap.tests.RepositoryDescriptionTest<br>Parameters: Test, , Test</td>
<td></td>
<td>3</td>
<td>com.lohika.gap.tests.RepositoryDescriptionTest@67b6d4ae</td></tr>
<tr>
<td title='com.lohika.gap.tests.RepositoryDescriptionTest.testSetNewDescription()'><b>testSetNewDescription</b><br>Test class: com.lohika.gap.tests.RepositoryDescriptionTest<br>Parameters: , , No description, website, or topics provided.</td>
<td></td>
<td>3</td>
<td>com.lohika.gap.tests.RepositoryDescriptionTest@67b6d4ae</td></tr>
<tr>
<td title='com.lohika.gap.tests.RepositoryDescriptionTest.testSetNewDescription_Canceled()'><b>testSetNewDescription_Canceled</b><br>Test class: com.lohika.gap.tests.RepositoryDescriptionTest</td>
<td></td>
<td>2</td>
<td>com.lohika.gap.tests.RepositoryDescriptionTest@67b6d4ae</td></tr>
<tr>
<td title='com.lohika.gap.tests.RepositoryDescriptionTest.testSetNewDescription_IncorectWebpage()'><b>testSetNewDescription_IncorectWebpage</b><br>Test class: com.lohika.gap.tests.RepositoryDescriptionTest</td>
<td></td>
<td>2</td>
<td>com.lohika.gap.tests.RepositoryDescriptionTest@67b6d4ae</td></tr>
<tr>
<td title='com.lohika.gap.tests.LoginTest.testSignin()'><b>testSignin</b><br>Test class: com.lohika.gap.tests.LoginTest<br>Parameters: vvpp03, 12qwaszx</td>
<td></td>
<td>3</td>
<td>com.lohika.gap.tests.LoginTest@6df97b55</td></tr>
<tr>
<td title='com.lohika.gap.tests.LoginTest.testSignin_IncorrectCredentials()'><b>testSignin_IncorrectCredentials</b><br>Test class: com.lohika.gap.tests.LoginTest<br>Parameters: vvpp03, 12abcd, Incorrect username or password.</td>
<td></td>
<td>1</td>
<td>com.lohika.gap.tests.LoginTest@6df97b55</td></tr>
<tr>
<td title='com.lohika.gap.tests.LoginTest.testSignin_IncorrectCredentials()'><b>testSignin_IncorrectCredentials</b><br>Test class: com.lohika.gap.tests.LoginTest<br>Parameters: abcd, abcd, Incorrect username or password.</td>
<td></td>
<td>1</td>
<td>com.lohika.gap.tests.LoginTest@6df97b55</td></tr>
<tr>
<td title='com.lohika.gap.tests.LoginTest.testSignin_IncorrectCredentials()'><b>testSignin_IncorrectCredentials</b><br>Test class: com.lohika.gap.tests.LoginTest<br>Parameters: abcd, , Incorrect username or password.</td>
<td></td>
<td>1</td>
<td>com.lohika.gap.tests.LoginTest@6df97b55</td></tr>
<tr>
<td title='com.lohika.gap.tests.LoginTest.testSignin_IncorrectCredentials()'><b>testSignin_IncorrectCredentials</b><br>Test class: com.lohika.gap.tests.LoginTest<br>Parameters: , abcd, Incorrect username or password.</td>
<td></td>
<td>1</td>
<td>com.lohika.gap.tests.LoginTest@6df97b55</td></tr>
<tr>
<td title='com.lohika.gap.tests.LoginTest.testSignin_IncorrectCredentials()'><b>testSignin_IncorrectCredentials</b><br>Test class: com.lohika.gap.tests.LoginTest<br>Parameters: , , Incorrect username or password.</td>
<td></td>
<td>1</td>
<td>com.lohika.gap.tests.LoginTest@6df97b55</td></tr>
<tr>
<td title='com.lohika.gap.tests.LoginTest.testSignout()'><b>testSignout</b><br>Test class: com.lohika.gap.tests.LoginTest</td>
<td></td>
<td>2</td>
<td>com.lohika.gap.tests.LoginTest@6df97b55</td></tr>
<tr>
<td title='com.lohika.gap.tests.RepositoryFilesTest.testUploadFile()'><b>testUploadFile</b><br>Test class: com.lohika.gap.tests.RepositoryFilesTest</td>
<td></td>
<td>11</td>
<td>com.lohika.gap.tests.RepositoryFilesTest@34b7bfc0</td></tr>
<tr>
<td title='com.lohika.gap.tests.RepositoryFilesTest.testUploadFileViaAUTOIT()'><b>testUploadFileViaAUTOIT</b><br>Test class: com.lohika.gap.tests.RepositoryFilesTest</td>
<td></td>
<td>11</td>
<td>com.lohika.gap.tests.RepositoryFilesTest@34b7bfc0</td></tr>
<tr>
<td title='com.lohika.gap.tests.RepositoryFilesTest.testUploadFile_Failed()'><b>testUploadFile_Failed</b><br>Test class: com.lohika.gap.tests.RepositoryFilesTest</td>
<td></td>
<td>3</td>
<td>com.lohika.gap.tests.RepositoryFilesTest@34b7bfc0</td></tr>
</table><p>
</body>
</html>